<?xml version="1.0" encoding="UTF-8"?>
<coverage generated="1525634954484" clover="3.2.0">
  <project timestamp="1525634954484" name="All files">
    <metrics statements="5" coveredstatements="5" conditionals="0" coveredconditionals="0" methods="0" coveredmethods="0" elements="5" coveredelements="5" complexity="0" loc="5" ncloc="5" packages="1" files="1" classes="1">
      <file name="jestsetup.js" path="C:\Users\Yauheni_Kireyeu\react-epam\react-app\test\jestsetup.js">
        <metrics statements="5" coveredstatements="5" conditionals="0" coveredconditionals="0" methods="0" coveredmethods="0"/>
        <line num="6" count="10" type="stmt"/>
        <line num="8" count="10" type="stmt"/>
        <line num="9" count="10" type="stmt"/>
        <line num="10" count="10" type="stmt"/>
        <line num="11" count="10" type="stmt"/>
      </file>
    </metrics>
  </project>
</coverage>
