{"C:\\Users\\Yauheni_Kireyeu\\react-epam\\react-app\\test\\jestsetup.js": {"path":"C:\\Users\\Yauheni_Kireyeu\\react-epam\\react-app\\test\\jestsetup.js","statementMap":{"0":{"start":{"line":6,"column":0},"end":{"line":6,"column":45}},"1":{"start":{"line":8,"column":0},"end":{"line":8,"column":25}},"2":{"start":{"line":9,"column":0},"end":{"line":9,"column":23}},"3":{"start":{"line":10,"column":0},"end":{"line":10,"column":21}},"4":{"start":{"line":11,"column":0},"end":{"line":11,"column":21}}},"fnMap":{},"branchMap":{},"s":{"0":10,"1":10,"2":10,"3":10,"4":10},"f":{},"b":{},"_coverageSchema":"332fd63041d2c1bcb487cc26dd0d5f7d97098a6c","hash":"d40e308613912fa1a5602668f26821cb2f7816b1"}
}
